# JRE version: OpenJDK Runtime Environment (18.0+36) (build 18+36-2087)
# Java VM: OpenJDK 64-Bit Server VM (18+36-2087, mixed mode, sharing, tiered, compressed oops, compressed class ptrs, g1 gc, windows-amd64)
GC Precious Log:
 CardTable entry size: 512
 Card Set container configuration: InlinePtr #cards 4 size 8 Array Of Cards #cards 16 size 48 Howl #buckets 8 coarsen threshold 3686 Howl Bitmap #cards 512 size 80 coarsen threshold 460 Card regions per heap region 1 cards per card region 4096
 CPUs: 8 total, 8 available
 Memory: 16217M
 Large Page Support: Disabled
 NUMA Support: Disabled
 Compressed Oops: Enabled (Zero based)
 Heap Region Size: 2M
 Heap Min Capacity: 8M
 Heap Initial Capacity: 254M
 Heap Max Capacity: 4056M
 Pre-touch: Disabled
 Parallel Workers: 8
 Concurrent Workers: 2
 Concurrent Refinement Workers: 8
 Periodic GC: Disabled
Heap:
 garbage-first heap   total 71680K, used 22727K [0x0000000702800000, 0x0000000800000000)
  region size 2048K, 4 young (8192K), 2 survivors (4096K)
 Metaspace       used 36026K, committed 36352K, reserved 1114112K
  class space    used 4532K, committed 4672K, reserved 1048576K
GC Heap History (14 events):
Event: 1.633 GC heap before
{Heap before GC invocations=0 (full 0):
 garbage-first heap   total 260096K, used 24576K [0x0000000702800000, 0x0000000800000000)
  region size 2048K, 11 young (22528K), 0 survivors (0K)
 Metaspace       used 6501K, committed 6656K, reserved 1114112K
  class space    used 725K, committed 832K, reserved 1048576K
}
Event: 1.641 GC heap after
{Heap after GC invocations=1 (full 0):
 garbage-first heap   total 260096K, used 10100K [0x0000000702800000, 0x0000000800000000)
  region size 2048K, 2 young (4096K), 2 survivors (4096K)
 Metaspace       used 6501K, committed 6656K, reserved 1114112K
  class space    used 725K, committed 832K, reserved 1048576K
}
Event: 2.272 GC heap before
{Heap before GC invocations=1 (full 0):
 garbage-first heap   total 260096K, used 28532K [0x0000000702800000, 0x0000000800000000)
  region size 2048K, 11 young (22528K), 2 survivors (4096K)
 Metaspace       used 10727K, committed 10880K, reserved 1114112K
  class space    used 1253K, committed 1344K, reserved 1048576K
}
Event: 2.278 GC heap after
{Heap after GC invocations=2 (full 0):
 garbage-first heap   total 260096K, used 11506K [0x0000000702800000, 0x0000000800000000)
  region size 2048K, 1 young (2048K), 1 survivors (2048K)
 Metaspace       used 10727K, committed 10880K, reserved 1114112K
  class space    used 1253K, committed 1344K, reserved 1048576K
}
Event: 67.204 GC heap before
{Heap before GC invocations=2 (full 0):
 garbage-first heap   total 260096K, used 58610K [0x0000000702800000, 0x0000000800000000)
  region size 2048K, 25 young (51200K), 1 survivors (2048K)
 Metaspace       used 20602K, committed 20800K, reserved 1114112K
  class space    used 2528K, committed 2624K, reserved 1048576K
}
Event: 67.220 GC heap after
{Heap after GC invocations=3 (full 0):
 garbage-first heap   total 260096K, used 15798K [0x0000000702800000, 0x0000000800000000)
  region size 2048K, 3 young (6144K), 3 survivors (6144K)
 Metaspace       used 20602K, committed 20800K, reserved 1114112K
  class space    used 2528K, committed 2624K, reserved 1048576K
}
Event: 67.452 GC heap before
{Heap before GC invocations=3 (full 0):
 garbage-first heap   total 260096K, used 17846K [0x0000000702800000, 0x0000000800000000)
  region size 2048K, 5 young (10240K), 3 survivors (6144K)
 Metaspace       used 21239K, committed 21504K, reserved 1114112K
  class space    used 2609K, committed 2752K, reserved 1048576K
}
Event: 67.477 GC heap after
{Heap after GC invocations=4 (full 0):
 garbage-first heap   total 260096K, used 16131K [0x0000000702800000, 0x0000000800000000)
  region size 2048K, 3 young (6144K), 3 survivors (6144K)
 Metaspace       used 21239K, committed 21504K, reserved 1114112K
  class space    used 2609K, committed 2752K, reserved 1048576K
}
Event: 71.564 GC heap before
{Heap before GC invocations=5 (full 0):
 garbage-first heap   total 61440K, used 59139K [0x0000000702800000, 0x0000000800000000)
  region size 2048K, 25 young (51200K), 3 survivors (6144K)
 Metaspace       used 31183K, committed 31488K, reserved 1114112K
  class space    used 3890K, committed 4032K, reserved 1048576K
}
Event: 71.583 GC heap after
{Heap after GC invocations=6 (full 0):
 garbage-first heap   total 71680K, used 19357K [0x0000000702800000, 0x0000000800000000)
  region size 2048K, 5 young (10240K), 5 survivors (10240K)
 Metaspace       used 31183K, committed 31488K, reserved 1114112K
  class space    used 3890K, committed 4032K, reserved 1048576K
}
Event: 74.646 GC heap before
{Heap before GC invocations=6 (full 0):
 garbage-first heap   total 71680K, used 48029K [0x0000000702800000, 0x0000000800000000)
  region size 2048K, 19 young (38912K), 5 survivors (10240K)
 Metaspace       used 35315K, committed 35648K, reserved 1114112K
  class space    used 4420K, committed 4544K, reserved 1048576K
}
Event: 74.669 GC heap after
{Heap after GC invocations=7 (full 0):
 garbage-first heap   total 71680K, used 20857K [0x0000000702800000, 0x0000000800000000)
  region size 2048K, 2 young (4096K), 2 survivors (4096K)
 Metaspace       used 35315K, committed 35648K, reserved 1114112K
  class space    used 4420K, committed 4544K, reserved 1048576K
}
Event: 74.962 GC heap before
{Heap before GC invocations=7 (full 0):
 garbage-first heap   total 71680K, used 22905K [0x0000000702800000, 0x0000000800000000)
  region size 2048K, 4 young (8192K), 2 survivors (4096K)
 Metaspace       used 35671K, committed 35968K, reserved 1114112K
  class space    used 4469K, committed 4608K, reserved 1048576K
}
Event: 74.974 GC heap after
{Heap after GC invocations=8 (full 0):
 garbage-first heap   total 71680K, used 20679K [0x0000000702800000, 0x0000000800000000)
  region size 2048K, 2 young (4096K), 2 survivors (4096K)
 Metaspace       used 35671K, committed 35968K, reserved 1114112K
  class space    used 4469K, committed 4608K, reserved 1048576K
}

